Determining if the pthread_create exist failed with the following output:
Change Dir: /home/lweber/mybot_ws/build/turtlebot_stage/CMakeFiles/CMakeTmp

Run Build Command:"/usr/bin/make" "cmTC_b1d21/fast"
/usr/bin/make -f CMakeFiles/cmTC_b1d21.dir/build.make CMakeFiles/cmTC_b1d21.dir/build
make[1]: Entering directory '/home/lweber/mybot_ws/build/turtlebot_stage/CMakeFiles/CMakeTmp'
Building C object CMakeFiles/cmTC_b1d21.dir/CheckSymbolExists.c.o
/usr/bin/cc     -o CMakeFiles/cmTC_b1d21.dir/CheckSymbolExists.c.o   -c /home/lweber/mybot_ws/build/turtlebot_stage/CMakeFiles/CMakeTmp/CheckSymbolExists.c
Linking C executable cmTC_b1d21
/usr/bin/cmake -E cmake_link_script CMakeFiles/cmTC_b1d21.dir/link.txt --verbose=1
/usr/bin/cc       CMakeFiles/cmTC_b1d21.dir/CheckSymbolExists.c.o  -o cmTC_b1d21 -rdynamic 
CMakeFiles/cmTC_b1d21.dir/CheckSymbolExists.c.o: In function `main':
CheckSymbolExists.c:(.text+0x16): undefined reference to `pthread_create'
collect2: error: ld returned 1 exit status
CMakeFiles/cmTC_b1d21.dir/build.make:97: recipe for target 'cmTC_b1d21' failed
make[1]: *** [cmTC_b1d21] Error 1
make[1]: Leaving directory '/home/lweber/mybot_ws/build/turtlebot_stage/CMakeFiles/CMakeTmp'
Makefile:126: recipe for target 'cmTC_b1d21/fast' failed
make: *** [cmTC_b1d21/fast] Error 2

File /home/lweber/mybot_ws/build/turtlebot_stage/CMakeFiles/CMakeTmp/CheckSymbolExists.c:
/* */
#include <pthread.h>

int main(int argc, char** argv)
{
  (void)argv;
#ifndef pthread_create
  return ((int*)(&pthread_create))[argc];
#else
  (void)argc;
  return 0;
#endif
}

Determining if the function pthread_create exists in the pthreads failed with the following output:
Change Dir: /home/lweber/mybot_ws/build/turtlebot_stage/CMakeFiles/CMakeTmp

Run Build Command:"/usr/bin/make" "cmTC_b0ba2/fast"
/usr/bin/make -f CMakeFiles/cmTC_b0ba2.dir/build.make CMakeFiles/cmTC_b0ba2.dir/build
make[1]: Entering directory '/home/lweber/mybot_ws/build/turtlebot_stage/CMakeFiles/CMakeTmp'
Building C object CMakeFiles/cmTC_b0ba2.dir/CheckFunctionExists.c.o
/usr/bin/cc    -DCHECK_FUNCTION_EXISTS=pthread_create   -o CMakeFiles/cmTC_b0ba2.dir/CheckFunctionExists.c.o   -c /usr/share/cmake-3.5/Modules/CheckFunctionExists.c
Linking C executable cmTC_b0ba2
/usr/bin/cmake -E cmake_link_script CMakeFiles/cmTC_b0ba2.dir/link.txt --verbose=1
/usr/bin/cc   -DCHECK_FUNCTION_EXISTS=pthread_create    CMakeFiles/cmTC_b0ba2.dir/CheckFunctionExists.c.o  -o cmTC_b0ba2 -rdynamic -lpthreads 
/usr/bin/ld: cannot find -lpthreads
collect2: error: ld returned 1 exit status
CMakeFiles/cmTC_b0ba2.dir/build.make:97: recipe for target 'cmTC_b0ba2' failed
make[1]: *** [cmTC_b0ba2] Error 1
make[1]: Leaving directory '/home/lweber/mybot_ws/build/turtlebot_stage/CMakeFiles/CMakeTmp'
Makefile:126: recipe for target 'cmTC_b0ba2/fast' failed
make: *** [cmTC_b0ba2/fast] Error 2


