Determining if the pthread_create exist failed with the following output:
Change Dir: /home/louis/pioneer/build/mybot/CMakeFiles/CMakeTmp

Run Build Command:"/usr/bin/make" "cmTC_9bc5c/fast"
/usr/bin/make -f CMakeFiles/cmTC_9bc5c.dir/build.make CMakeFiles/cmTC_9bc5c.dir/build
make[1]: Entering directory '/home/louis/pioneer/build/mybot/CMakeFiles/CMakeTmp'
Building C object CMakeFiles/cmTC_9bc5c.dir/CheckSymbolExists.c.o
/usr/bin/cc     -o CMakeFiles/cmTC_9bc5c.dir/CheckSymbolExists.c.o   -c /home/louis/pioneer/build/mybot/CMakeFiles/CMakeTmp/CheckSymbolExists.c
Linking C executable cmTC_9bc5c
/usr/bin/cmake -E cmake_link_script CMakeFiles/cmTC_9bc5c.dir/link.txt --verbose=1
/usr/bin/cc       CMakeFiles/cmTC_9bc5c.dir/CheckSymbolExists.c.o  -o cmTC_9bc5c -rdynamic 
CMakeFiles/cmTC_9bc5c.dir/CheckSymbolExists.c.o: In function `main':
CheckSymbolExists.c:(.text+0x16): undefined reference to `pthread_create'
collect2: error: ld returned 1 exit status
CMakeFiles/cmTC_9bc5c.dir/build.make:97: recipe for target 'cmTC_9bc5c' failed
make[1]: *** [cmTC_9bc5c] Error 1
make[1]: Leaving directory '/home/louis/pioneer/build/mybot/CMakeFiles/CMakeTmp'
Makefile:126: recipe for target 'cmTC_9bc5c/fast' failed
make: *** [cmTC_9bc5c/fast] Error 2

File /home/louis/pioneer/build/mybot/CMakeFiles/CMakeTmp/CheckSymbolExists.c:
/* */
#include <pthread.h>

int main(int argc, char** argv)
{
  (void)argv;
#ifndef pthread_create
  return ((int*)(&pthread_create))[argc];
#else
  (void)argc;
  return 0;
#endif
}

Determining if the function pthread_create exists in the pthreads failed with the following output:
Change Dir: /home/louis/pioneer/build/mybot/CMakeFiles/CMakeTmp

Run Build Command:"/usr/bin/make" "cmTC_fb1be/fast"
/usr/bin/make -f CMakeFiles/cmTC_fb1be.dir/build.make CMakeFiles/cmTC_fb1be.dir/build
make[1]: Entering directory '/home/louis/pioneer/build/mybot/CMakeFiles/CMakeTmp'
Building C object CMakeFiles/cmTC_fb1be.dir/CheckFunctionExists.c.o
/usr/bin/cc    -DCHECK_FUNCTION_EXISTS=pthread_create   -o CMakeFiles/cmTC_fb1be.dir/CheckFunctionExists.c.o   -c /usr/share/cmake-3.5/Modules/CheckFunctionExists.c
Linking C executable cmTC_fb1be
/usr/bin/cmake -E cmake_link_script CMakeFiles/cmTC_fb1be.dir/link.txt --verbose=1
/usr/bin/cc   -DCHECK_FUNCTION_EXISTS=pthread_create    CMakeFiles/cmTC_fb1be.dir/CheckFunctionExists.c.o  -o cmTC_fb1be -rdynamic -lpthreads 
/usr/bin/ld: cannot find -lpthreads
collect2: error: ld returned 1 exit status
CMakeFiles/cmTC_fb1be.dir/build.make:97: recipe for target 'cmTC_fb1be' failed
make[1]: *** [cmTC_fb1be] Error 1
make[1]: Leaving directory '/home/louis/pioneer/build/mybot/CMakeFiles/CMakeTmp'
Makefile:126: recipe for target 'cmTC_fb1be/fast' failed
make: *** [cmTC_fb1be/fast] Error 2


