Determining if the pthread_create exist failed with the following output:
Change Dir: /home/lweber/mybot_ws/build/turtlebot_stdr/CMakeFiles/CMakeTmp

Run Build Command:"/usr/bin/make" "cmTC_6a60d/fast"
/usr/bin/make -f CMakeFiles/cmTC_6a60d.dir/build.make CMakeFiles/cmTC_6a60d.dir/build
make[1]: Entering directory '/home/lweber/mybot_ws/build/turtlebot_stdr/CMakeFiles/CMakeTmp'
Building C object CMakeFiles/cmTC_6a60d.dir/CheckSymbolExists.c.o
/usr/bin/cc     -o CMakeFiles/cmTC_6a60d.dir/CheckSymbolExists.c.o   -c /home/lweber/mybot_ws/build/turtlebot_stdr/CMakeFiles/CMakeTmp/CheckSymbolExists.c
Linking C executable cmTC_6a60d
/usr/bin/cmake -E cmake_link_script CMakeFiles/cmTC_6a60d.dir/link.txt --verbose=1
/usr/bin/cc       CMakeFiles/cmTC_6a60d.dir/CheckSymbolExists.c.o  -o cmTC_6a60d -rdynamic 
CMakeFiles/cmTC_6a60d.dir/CheckSymbolExists.c.o: In function `main':
CheckSymbolExists.c:(.text+0x16): undefined reference to `pthread_create'
collect2: error: ld returned 1 exit status
CMakeFiles/cmTC_6a60d.dir/build.make:97: recipe for target 'cmTC_6a60d' failed
make[1]: *** [cmTC_6a60d] Error 1
make[1]: Leaving directory '/home/lweber/mybot_ws/build/turtlebot_stdr/CMakeFiles/CMakeTmp'
Makefile:126: recipe for target 'cmTC_6a60d/fast' failed
make: *** [cmTC_6a60d/fast] Error 2

File /home/lweber/mybot_ws/build/turtlebot_stdr/CMakeFiles/CMakeTmp/CheckSymbolExists.c:
/* */
#include <pthread.h>

int main(int argc, char** argv)
{
  (void)argv;
#ifndef pthread_create
  return ((int*)(&pthread_create))[argc];
#else
  (void)argc;
  return 0;
#endif
}

Determining if the function pthread_create exists in the pthreads failed with the following output:
Change Dir: /home/lweber/mybot_ws/build/turtlebot_stdr/CMakeFiles/CMakeTmp

Run Build Command:"/usr/bin/make" "cmTC_2a75b/fast"
/usr/bin/make -f CMakeFiles/cmTC_2a75b.dir/build.make CMakeFiles/cmTC_2a75b.dir/build
make[1]: Entering directory '/home/lweber/mybot_ws/build/turtlebot_stdr/CMakeFiles/CMakeTmp'
Building C object CMakeFiles/cmTC_2a75b.dir/CheckFunctionExists.c.o
/usr/bin/cc    -DCHECK_FUNCTION_EXISTS=pthread_create   -o CMakeFiles/cmTC_2a75b.dir/CheckFunctionExists.c.o   -c /usr/share/cmake-3.5/Modules/CheckFunctionExists.c
Linking C executable cmTC_2a75b
/usr/bin/cmake -E cmake_link_script CMakeFiles/cmTC_2a75b.dir/link.txt --verbose=1
/usr/bin/cc   -DCHECK_FUNCTION_EXISTS=pthread_create    CMakeFiles/cmTC_2a75b.dir/CheckFunctionExists.c.o  -o cmTC_2a75b -rdynamic -lpthreads 
/usr/bin/ld: cannot find -lpthreads
collect2: error: ld returned 1 exit status
CMakeFiles/cmTC_2a75b.dir/build.make:97: recipe for target 'cmTC_2a75b' failed
make[1]: *** [cmTC_2a75b] Error 1
make[1]: Leaving directory '/home/lweber/mybot_ws/build/turtlebot_stdr/CMakeFiles/CMakeTmp'
Makefile:126: recipe for target 'cmTC_2a75b/fast' failed
make: *** [cmTC_2a75b/fast] Error 2


