Determining if the pthread_create exist failed with the following output:
Change Dir: /home/lweber/mybot_ws/build/mybot_navigation/CMakeFiles/CMakeTmp

Run Build Command:"/usr/bin/make" "cmTC_da7cc/fast"
/usr/bin/make -f CMakeFiles/cmTC_da7cc.dir/build.make CMakeFiles/cmTC_da7cc.dir/build
make[1]: Entering directory '/home/lweber/mybot_ws/build/mybot_navigation/CMakeFiles/CMakeTmp'
Building C object CMakeFiles/cmTC_da7cc.dir/CheckSymbolExists.c.o
/usr/bin/cc     -o CMakeFiles/cmTC_da7cc.dir/CheckSymbolExists.c.o   -c /home/lweber/mybot_ws/build/mybot_navigation/CMakeFiles/CMakeTmp/CheckSymbolExists.c
Linking C executable cmTC_da7cc
/usr/bin/cmake -E cmake_link_script CMakeFiles/cmTC_da7cc.dir/link.txt --verbose=1
/usr/bin/cc       CMakeFiles/cmTC_da7cc.dir/CheckSymbolExists.c.o  -o cmTC_da7cc -rdynamic 
CMakeFiles/cmTC_da7cc.dir/CheckSymbolExists.c.o: In function `main':
CheckSymbolExists.c:(.text+0x16): undefined reference to `pthread_create'
collect2: error: ld returned 1 exit status
CMakeFiles/cmTC_da7cc.dir/build.make:97: recipe for target 'cmTC_da7cc' failed
make[1]: *** [cmTC_da7cc] Error 1
make[1]: Leaving directory '/home/lweber/mybot_ws/build/mybot_navigation/CMakeFiles/CMakeTmp'
Makefile:126: recipe for target 'cmTC_da7cc/fast' failed
make: *** [cmTC_da7cc/fast] Error 2

File /home/lweber/mybot_ws/build/mybot_navigation/CMakeFiles/CMakeTmp/CheckSymbolExists.c:
/* */
#include <pthread.h>

int main(int argc, char** argv)
{
  (void)argv;
#ifndef pthread_create
  return ((int*)(&pthread_create))[argc];
#else
  (void)argc;
  return 0;
#endif
}

Determining if the function pthread_create exists in the pthreads failed with the following output:
Change Dir: /home/lweber/mybot_ws/build/mybot_navigation/CMakeFiles/CMakeTmp

Run Build Command:"/usr/bin/make" "cmTC_272e7/fast"
/usr/bin/make -f CMakeFiles/cmTC_272e7.dir/build.make CMakeFiles/cmTC_272e7.dir/build
make[1]: Entering directory '/home/lweber/mybot_ws/build/mybot_navigation/CMakeFiles/CMakeTmp'
Building C object CMakeFiles/cmTC_272e7.dir/CheckFunctionExists.c.o
/usr/bin/cc    -DCHECK_FUNCTION_EXISTS=pthread_create   -o CMakeFiles/cmTC_272e7.dir/CheckFunctionExists.c.o   -c /usr/share/cmake-3.5/Modules/CheckFunctionExists.c
Linking C executable cmTC_272e7
/usr/bin/cmake -E cmake_link_script CMakeFiles/cmTC_272e7.dir/link.txt --verbose=1
/usr/bin/cc   -DCHECK_FUNCTION_EXISTS=pthread_create    CMakeFiles/cmTC_272e7.dir/CheckFunctionExists.c.o  -o cmTC_272e7 -rdynamic -lpthreads 
/usr/bin/ld: cannot find -lpthreads
collect2: error: ld returned 1 exit status
CMakeFiles/cmTC_272e7.dir/build.make:97: recipe for target 'cmTC_272e7' failed
make[1]: *** [cmTC_272e7] Error 1
make[1]: Leaving directory '/home/lweber/mybot_ws/build/mybot_navigation/CMakeFiles/CMakeTmp'
Makefile:126: recipe for target 'cmTC_272e7/fast' failed
make: *** [cmTC_272e7/fast] Error 2


